#
# A fatal error has been detected by the Java Runtime Environment:
#
#  EXCEPTION_ACCESS_VIOLATION (0xc0000005) at pc=0x00007ffa8525bfa9, pid=1836, tid=8664
#
# JRE version: Java(TM) SE Runtime Environment (18.0.1.1+2) (build 18.0.1.1+2-6)
# Java VM: Java HotSpot(TM) 64-Bit Server VM (18.0.1.1+2-6, mixed mode, sharing, tiered, compressed oops, compressed class ptrs, g1 gc, windows-amd64)
# Problematic frame:
# V  [jvm.dll+0x64bfa9]
#
# No core dump will be written. Minidumps are not enabled by default on client versions of Windows
#
# If you would like to submit a bug report, please visit:
#   https://bugreport.java.com/bugreport/crash.jsp
#

---------------  S U M M A R Y ------------

Command Line: -Dfile.encoding=UTF-8 --module-path=C:\Users\migue\Documents\Prog\Java\aulas-java\atv\trabalho\Adivinhacao 2\build\classes adivinhacao.Main

Host: Intel(R) Core(TM)2 Duo CPU     E8400  @ 3.00GHz, 2 cores, 5G,  Windows 10 , 64 bit Build 19041 (10.0.19041.1706)
Time: Sun Jun 12 13:48:47 2022 Hora Padrão de Buenos Aires elapsed time: 0.215864 seconds (0d 0h 0m 0s)

---------------  T H R E A D  ---------------

Current thread (0x000002c531d1bea0):  JavaThread "main" [_thread_in_vm, id=8664, stack(0x000000f3f0700000,0x000000f3f0800000)]

Stack: [0x000000f3f0700000,0x000000f3f0800000],  sp=0x000000f3f07fe7a8,  free space=1017k
Native frames: (J=compiled Java code, j=interpreted, Vv=VM code, C=native code)
V  [jvm.dll+0x64bfa9]

Java frames: (J=compiled Java code, j=interpreted, Vv=VM code)
j  jdk.internal.module.Builder.newExports(Ljava/util/Set;Ljava/lang/String;Ljava/util/Set;)Ljava/lang/module/ModuleDescriptor$Exports;+6 java.base
j  jdk.internal.module.SystemModules$all.moduleDescriptors()[Ljava/lang/module/ModuleDescriptor;+51 java.base
j  jdk.internal.module.SystemModuleFinders.of(Ljdk/internal/module/SystemModules;)Ljava/lang/module/ModuleFinder;+1 java.base
j  jdk.internal.module.ModuleBootstrap.boot2()Ljava/lang/ModuleLayer;+240 java.base
j  jdk.internal.module.ModuleBootstrap.boot()Ljava/lang/ModuleLayer;+64 java.base
j  java.lang.System.initPhase2(ZZ)I+0 java.base
v  ~StubRoutines::call_stub

siginfo: EXCEPTION_ACCESS_VIOLATION (0xc0000005), reading address 0x000000000000002f


Register to memory mapping:

RIP=0x00007ffa8525bfa9 jvm.dll
RAX=0x0000000000000001 is an unknown value
RBX=0x000000f3f07fe870 is pointing into the stack for thread: 0x000002c531d1bea0
RCX={method} {0x00000008001e4118} 'newExports' '(Ljava/util/Set;Ljava/lang/String;Ljava/util/Set;)Ljava/lang/module/ModuleDescriptor$Exports;' in 'java/lang/module/ModuleDescriptor$1'
RDX=0x00000000ffffffff is an unallocated location in the heap
RSP=0x000000f3f07fe7a8 is pointing into the stack for thread: 0x000002c531d1bea0
RBP=0x000000f3f07fe940 is pointing into the stack for thread: 0x000002c531d1bea0
RSI=0x000000f3f07feb50 is pointing into the stack for thread: 0x000002c531d1bea0
RDI=0x000002c531d1bea0 is a thread
R8 ={method} {0x00000008001e4118} 'newExports' '(Ljava/util/Set;Ljava/lang/String;Ljava/util/Set;)Ljava/lang/module/ModuleDescriptor$Exports;' in 'java/lang/module/ModuleDescriptor$1'
R9 =0x0000000000000007 is an unknown value
R10=0x000002c531d199d0 points into unknown readable memory: 0x0000001e00000008 | 08 00 00 00 1e 00 00 00
R11=0x0 is NULL
R12=0x00000000fffffff0 is an unallocated location in the heap
R13=0x0000000800a88146 is pointing into metadata
R14=0x000000f3f07fea10 is pointing into the stack for thread: 0x000002c531d1bea0
R15=0x0000000800164938 is a pointer to class: 
jdk.internal.access.JavaLangModuleAccess {0x0000000800164940}
 - instance size:     2
 - klass size:        61
 - access:            public interface abstract 
 - state:             linked
 - name:              'jdk/internal/access/JavaLangModuleAccess'
 - super:             'java/lang/Object'
 - sub:               
 - nof implementors:  1
 - implementor:    
   'java/lang/module/ModuleDescriptor$1'
 - arrays:            NULL
 - methods:           Array<T>(0x00000008007a6428)
 - method ordering:   Array<T>(0x00000008007a6730)
 - default_methods:   Array<T>(0x0000000000000000)
 - local interfaces:  Array<T>(0x00000008005bcc38)
 - trans. interfaces: Array<T>(0x00000008005bcc38)
 - constants:         constant pool [72] {0x00000008007a6148} for 'jdk/internal/access/JavaLangModuleAccess' cache=0x0000000800164b70
 - class loader data:  loader data: 0x000002c531db5230 of 'bootstrap'
 - source file:       'JavaLangModuleAccess.java'
 - class annotations:       Array<T>(0x0000000000000000)
 - class type annotations:  Array<T>(0x0000000000000000)
 - field annotations:       Array<T>(0x0000000000000000)
 - field type annotations:  Array<T>(0x0000000000000000)
 - inner classes:     Array<T>(0x00000008007a63c8)
 - nest members:     Array<T>(0x00000008005bcbc8)
 - permitted subclasses:     Array<T>(0x00000008005bcbc8)
 - java mirror:       a 'java/lang/Class'{0x00000000a61506e8} = 'jdk/internal/access/JavaLangModuleAccess'
 - vtable length      5  (start addr: 0x0000000800164af0)
 - itable length      0 (start addr: 0x0000000800164b18)
 - ---- static fields (0 words):
 - ---- non-static fields (0 words):
 - non-static oop maps: 


Registers:
RAX=0x0000000000000001, RBX=0x000000f3f07fe870, RCX=0x00000008001e4110, RDX=0x00000000ffffffff
RSP=0x000000f3f07fe7a8, RBP=0x000000f3f07fe940, RSI=0x000000f3f07feb50, RDI=0x000002c531d1bea0
R8 =0x00000008001e4110, R9 =0x0000000000000007, R10=0x000002c531d199d0, R11=0x0000000000000000
R12=0x00000000fffffff0, R13=0x0000000800a88146, R14=0x000000f3f07fea10, R15=0x0000000800164938
RIP=0x00007ffa8525bfa9, EFLAGS=0x0000000000010202

Top of Stack: (sp=0x000000f3f07fe7a8)
0x000000f3f07fe7a8:   00007ffa84e3b72e 00000008004c35c8
0x000000f3f07fe7b8:   00007ffa84fa6e82 0000000800871f88
0x000000f3f07fe7c8:   000000f3f07fe820 000000f3f07fe870
0x000000f3f07fe7d8:   00007ffa84e3bb88 0000000800164938
0x000000f3f07fe7e8:   000000f3f07fea10 0000000800a88146
0x000000f3f07fe7f8:   00007ffa8518d911 000000f3f07fe870
0x000000f3f07fe808:   00007ffa84f7c706 000000f3f07feb68
0x000000f3f07fe818:   000000f3f07feb50 000002c500000001
0x000000f3f07fe828:   000000f3f07fe940 000002c531d1bea0
0x000000f3f07fe838:   00007ffa85190718 00000008001e4110
0x000000f3f07fe848:   0000000000000001 000000f3f07feb50
0x000000f3f07fe858:   000000f3f07fea20 000002c531d1bea0
0x000000f3f07fe868:   000000f3f07fe950 00000008001e4110
0x000000f3f07fe878:   000002c531d1bea0 00000008001e4110
0x000000f3f07fe888:   0000000000000001 00000008001e4110
0x000000f3f07fe898:   000002c531d1bea0 00000008001fd758 

Instructions: (pc=0x00007ffa8525bfa9)
0x00007ffa8525bea9:   00 00 00 48 8b 6c 24 40 48 8b f0 48 85 c0 74 34
0x00007ffa8525beb9:   49 8b 8e 20 02 00 00 48 8b 59 18 48 8b 41 20 48
0x00007ffa8525bec9:   2b c3 48 83 f8 08 72 0a 48 8d 43 08 48 89 41 18
0x00007ffa8525bed9:   eb 0f 45 33 c0 41 8d 50 08 e8 79 d0 a6 ff 48 8b
0x00007ffa8525bee9:   d8 48 89 33 4c 8b c3 48 8b d7 49 8b cf e8 35 ec
0x00007ffa8525bef9:   11 00 4c 8b 7c 24 50 48 85 c0 4c 8b 74 24 48 0f
0x00007ffa8525bf09:   95 c0 48 83 c4 20 5f 5e 5b c3 cc cc cc cc cc cc
0x00007ffa8525bf19:   cc cc cc cc cc cc cc 0f b7 51 30 b9 5e 01 00 00
0x00007ffa8525bf29:   8b c2 2b c1 83 f8 06 77 08 66 3b d1 74 03 b0 01
0x00007ffa8525bf39:   c3 32 c0 c3 cc cc cc 48 8b 01 4c 8b c9 48 8b 50
0x00007ffa8525bf49:   08 48 8b 42 08 48 8b 50 18 48 8b 82 98 00 00 00
0x00007ffa8525bf59:   48 8b 40 60 48 85 c0 74 31 4c 8b 00 4d 3b c1 77
0x00007ffa8525bf69:   20 48 63 48 08 49 8d 14 c8 4c 3b ca 73 13 49 8b
0x00007ffa8525bf79:   c9 49 2b c8 48 c1 f9 03 49 8d 0c c8 49 3b c9 74
0x00007ffa8525bf89:   06 48 8b 40 10 eb cd b0 01 c3 c3 cc cc cc cc cc
0x00007ffa8525bf99:   cc cc cc cc cc cc cc 48 8b 41 18 48 85 c0 74 0a
0x00007ffa8525bfa9:   66 83 78 2e 00 76 03 b0 01 c3 44 0f b7 41 30 41
0x00007ffa8525bfb9:   b9 5e 01 00 00 41 8b c0 41 2b c1 83 f8 06 77 10
0x00007ffa8525bfc9:   66 45 3b c1 74 0a 8b 41 28 c1 e8 0c a8 01 75 35
0x00007ffa8525bfd9:   83 fa ff 75 11 8b 41 28 25 00 00 00 06 3d 00 00
0x00007ffa8525bfe9:   00 06 0f 94 c0 c3 8d 42 ff 83 f8 02 77 09 8b 41
0x00007ffa8525bff9:   28 c1 e8 1a 24 01 c3 83 fa 04 75 09 8b 41 28 c1
0x00007ffa8525c009:   e8 19 24 01 c3 32 c0 c3 cc cc cc cc cc cc cc cc
0x00007ffa8525c019:   cc cc cc cc cc cc cc 48 8b 41 18 48 85 c0 74 07
0x00007ffa8525c029:   66 83 78 2e 00 77 5e 44 0f b7 41 30 41 b9 5e 01
0x00007ffa8525c039:   00 00 41 8b c0 41 2b c1 83 f8 06 77 10 66 45 3b
0x00007ffa8525c049:   c1 74 0a 8b 41 28 c1 e8 0c a8 01 75 3b 83 fa ff
0x00007ffa8525c059:   75 12 8b 41 28 25 00 00 00 06 3d 00 00 00 06 0f
0x00007ffa8525c069:   94 c0 eb 1d 8d 42 ff 83 f8 02 77 08 8b 41 28 c1
0x00007ffa8525c079:   e8 1a eb 0b 83 fa 04 75 44 8b 41 28 c1 e8 19 24
0x00007ffa8525c089:   01 84 c0 74 03 b0 01 c3 83 fa ff 75 11 8b 41 28
0x00007ffa8525c099:   25 00 00 00 0c 3d 00 00 00 0c 0f 94 c0 c3 8d 42 


Stack slot to memory mapping:
stack at sp + 0 slots: 0x00007ffa84e3b72e jvm.dll
stack at sp + 1 slots: 0x00000008004c35c8 is pointing into metadata
stack at sp + 2 slots: 0x00007ffa84fa6e82 jvm.dll
stack at sp + 3 slots: 0x0000000800871f88 is pointing into metadata
stack at sp + 4 slots: 0x000000f3f07fe820 is pointing into the stack for thread: 0x000002c531d1bea0
stack at sp + 5 slots: 0x000000f3f07fe870 is pointing into the stack for thread: 0x000002c531d1bea0
stack at sp + 6 slots: 0x00007ffa84e3bb88 jvm.dll
stack at sp + 7 slots: 0x0000000800164938 is a pointer to class: 
jdk.internal.access.JavaLangModuleAccess {0x0000000800164940}
 - instance size:     2
 - klass size:        61
 - access:            public interface abstract 
 - state:             linked
 - name:              'jdk/internal/access/JavaLangModuleAccess'
 - super:             'java/lang/Object'
 - sub:               
 - nof implementors:  1
 - implementor:    
   'java/lang/module/ModuleDescriptor$1'
 - arrays:            NULL
 - methods:           Array<T>(0x00000008007a6428)
 - method ordering:   Array<T>(0x00000008007a6730)
 - default_methods:   Array<T>(0x0000000000000000)
 - local interfaces:  Array<T>(0x00000008005bcc38)
 - trans. interfaces: Array<T>(0x00000008005bcc38)
 - constants:         constant pool [72] {0x00000008007a6148} for 'jdk/internal/access/JavaLangModuleAccess' cache=0x0000000800164b70
 - class loader data:  loader data: 0x000002c531db5230 of 'bootstrap'
 - source file:       'JavaLangModuleAccess.java'
 - class annotations:       Array<T>(0x0000000000000000)
 - class type annotations:  Array<T>(0x0000000000000000)
 - field annotations:       Array<T>(0x0000000000000000)
 - field type annotations:  Array<T>(0x0000000000000000)
 - inner classes:     Array<T>(0x00000008007a63c8)
 - nest members:     Array<T>(0x00000008005bcbc8)
 - permitted subclasses:     Array<T>(0x00000008005bcbc8)
 - java mirror:       a 'java/lang/Class'{0x00000000a61506e8} = 'jdk/internal/access/JavaLangModuleAccess'
 - vtable length      5  (start addr: 0x0000000800164af0)
 - itable length      0 (start addr: 0x0000000800164b18)
 - ---- static fields (0 words):
 - ---- non-static fields (0 words):
 - non-static oop maps: 


---------------  P R O C E S S  ---------------

Threads class SMR info:
_java_thread_list=0x000002c531de6d30, length=10, elements={
0x000002c531d1bea0, 0x000002c531dcf2b0, 0x000002c531dd3e30, 0x000002c531de4070,
0x000002c531de5930, 0x000002c531dea1f0, 0x000002c531debab0, 0x000002c531dec690,
0x000002c531dee430, 0x000002c531dee930
}

Java Threads: ( => current thread )
=>0x000002c531d1bea0 JavaThread "main" [_thread_in_vm, id=8664, stack(0x000000f3f0700000,0x000000f3f0800000)]
  0x000002c531dcf2b0 JavaThread "Reference Handler" daemon [_thread_blocked, id=1500, stack(0x000000f3f0f00000,0x000000f3f1000000)]
  0x000002c531dd3e30 JavaThread "Finalizer" daemon [_thread_blocked, id=1952, stack(0x000000f3f1000000,0x000000f3f1100000)]
  0x000002c531de4070 JavaThread "Signal Dispatcher" daemon [_thread_blocked, id=1780, stack(0x000000f3f1100000,0x000000f3f1200000)]
  0x000002c531de5930 JavaThread "Attach Listener" daemon [_thread_blocked, id=7144, stack(0x000000f3f1200000,0x000000f3f1300000)]
  0x000002c531dea1f0 JavaThread "Service Thread" daemon [_thread_blocked, id=7500, stack(0x000000f3f1300000,0x000000f3f1400000)]
  0x000002c531debab0 JavaThread "Monitor Deflation Thread" daemon [_thread_blocked, id=6520, stack(0x000000f3f1400000,0x000000f3f1500000)]
  0x000002c531dec690 JavaThread "C2 CompilerThread0" daemon [_thread_blocked, id=8716, stack(0x000000f3f1500000,0x000000f3f1600000)]
  0x000002c531dee430 JavaThread "C1 CompilerThread0" daemon [_thread_blocked, id=8524, stack(0x000000f3f1600000,0x000000f3f1700000)]
  0x000002c531dee930 JavaThread "Sweeper thread" daemon [_thread_blocked, id=344, stack(0x000000f3f1700000,0x000000f3f1800000)]

Other Threads:
  0x000002c531dc88b0 VMThread "VM Thread" [stack: 0x000000f3f0e00000,0x000000f3f0f00000] [id=1056]
  0x000002c531d6c640 WorkerThread "GC Thread#0" [stack: 0x000000f3f0900000,0x000000f3f0a00000] [id=7068]
  0x000002c531d7a450 ConcurrentGCThread "G1 Main Marker" [stack: 0x000000f3f0a00000,0x000000f3f0b00000] [id=8084]
  0x000002c531d7ad50 WorkerThread "G1 Conc#0" [stack: 0x000000f3f0b00000,0x000000f3f0c00000] [id=1332]
  0x000002c531da4ca0 ConcurrentGCThread "G1 Refine#0" [stack: 0x000000f3f0c00000,0x000000f3f0d00000] [id=4352]
  0x000002c531da64d0 ConcurrentGCThread "G1 Service" [stack: 0x000000f3f0d00000,0x000000f3f0e00000] [id=3396]

Threads with active compile tasks:

VM state: not at safepoint (normal execution)

VM Mutex/Monitor currently owned by a thread: None

Heap address: 0x00000000a0200000, size: 1534 MB, Compressed Oops mode: 32-bit

CDS archive(s) mapped at: [0x0000000800000000-0x0000000800ba0000-0x0000000800ba0000), size 12189696, SharedBaseAddress: 0x0000000800000000, ArchiveRelocationMode: 0.
Compressed class space mapped at: 0x0000000800c00000-0x0000000840c00000, reserved size: 1073741824
Narrow klass base: 0x0000000800000000, Narrow klass shift: 0, Narrow klass range: 0x100000000

GC Precious Log:
 CardTable entry size: 512
 Card Set container configuration: InlinePtr #cards 5 size 8 Array Of Cards #cards 12 size 40 Howl #buckets 4 coarsen threshold 1843 Howl Bitmap #cards 512 size 80 coarsen threshold 460 Card regions per heap region 1 cards per card region 2048
 CPUs: 2 total, 2 available
 Memory: 6133M
 Large Page Support: Disabled
 NUMA Support: Disabled
 Compressed Oops: Enabled (32-bit)
 Heap Region Size: 1M
 Heap Min Capacity: 8M
 Heap Initial Capacity: 96M
 Heap Max Capacity: 1534M
 Pre-touch: Disabled
 Parallel Workers: 2
 Concurrent Workers: 1
 Concurrent Refinement Workers: 2
 Periodic GC: Disabled

Heap:
 garbage-first heap   total 98304K, used 0K [0x00000000a0200000, 0x0000000100000000)
  region size 1024K, 1 young (1024K), 0 survivors (0K)
 Metaspace       used 54K, committed 128K, reserved 1114112K
  class space    used 3K, committed 64K, reserved 1048576K

Heap Regions: E=young(eden), S=young(survivor), O=old, HS=humongous(starts), HC=humongous(continues), CS=collection set, F=free, OA=open archive, CA=closed archive, TAMS=top-at-mark-start (previous, next)
|   0|0x00000000a0200000, 0x00000000a0200000, 0x00000000a0300000|  0%| F|  |TAMS 0x00000000a0200000, 0x00000000a0200000| Untracked 
|   1|0x00000000a0300000, 0x00000000a0300000, 0x00000000a0400000|  0%| F|  |TAMS 0x00000000a0300000, 0x00000000a0300000| Untracked 
|   2|0x00000000a0400000, 0x00000000a0400000, 0x00000000a0500000|  0%| F|  |TAMS 0x00000000a0400000, 0x00000000a0400000| Untracked 
|   3|0x00000000a0500000, 0x00000000a0500000, 0x00000000a0600000|  0%| F|  |TAMS 0x00000000a0500000, 0x00000000a0500000| Untracked 
|   4|0x00000000a0600000, 0x00000000a0600000, 0x00000000a0700000|  0%| F|  |TAMS 0x00000000a0600000, 0x00000000a0600000| Untracked 
|   5|0x00000000a0700000, 0x00000000a0700000, 0x00000000a0800000|  0%| F|  |TAMS 0x00000000a0700000, 0x00000000a0700000| Untracked 
|   6|0x00000000a0800000, 0x00000000a0800000, 0x00000000a0900000|  0%| F|  |TAMS 0x00000000a0800000, 0x00000000a0800000| Untracked 
|   7|0x00000000a0900000, 0x00000000a0900000, 0x00000000a0a00000|  0%| F|  |TAMS 0x00000000a0900000, 0x00000000a0900000| Untracked 
|   8|0x00000000a0a00000, 0x00000000a0a00000, 0x00000000a0b00000|  0%| F|  |TAMS 0x00000000a0a00000, 0x00000000a0a00000| Untracked 
|   9|0x00000000a0b00000, 0x00000000a0b00000, 0x00000000a0c00000|  0%| F|  |TAMS 0x00000000a0b00000, 0x00000000a0b00000| Untracked 
|  10|0x00000000a0c00000, 0x00000000a0c00000, 0x00000000a0d00000|  0%| F|  |TAMS 0x00000000a0c00000, 0x00000000a0c00000| Untracked 
|  11|0x00000000a0d00000, 0x00000000a0d00000, 0x00000000a0e00000|  0%| F|  |TAMS 0x00000000a0d00000, 0x00000000a0d00000| Untracked 
|  12|0x00000000a0e00000, 0x00000000a0e00000, 0x00000000a0f00000|  0%| F|  |TAMS 0x00000000a0e00000, 0x00000000a0e00000| Untracked 
|  13|0x00000000a0f00000, 0x00000000a0f00000, 0x00000000a1000000|  0%| F|  |TAMS 0x00000000a0f00000, 0x00000000a0f00000| Untracked 
|  14|0x00000000a1000000, 0x00000000a1000000, 0x00000000a1100000|  0%| F|  |TAMS 0x00000000a1000000, 0x00000000a1000000| Untracked 
|  15|0x00000000a1100000, 0x00000000a1100000, 0x00000000a1200000|  0%| F|  |TAMS 0x00000000a1100000, 0x00000000a1100000| Untracked 
|  16|0x00000000a1200000, 0x00000000a1200000, 0x00000000a1300000|  0%| F|  |TAMS 0x00000000a1200000, 0x00000000a1200000| Untracked 
|  17|0x00000000a1300000, 0x00000000a1300000, 0x00000000a1400000|  0%| F|  |TAMS 0x00000000a1300000, 0x00000000a1300000| Untracked 
|  18|0x00000000a1400000, 0x00000000a1400000, 0x00000000a1500000|  0%| F|  |TAMS 0x00000000a1400000, 0x00000000a1400000| Untracked 
|  19|0x00000000a1500000, 0x00000000a1500000, 0x00000000a1600000|  0%| F|  |TAMS 0x00000000a1500000, 0x00000000a1500000| Untracked 
|  20|0x00000000a1600000, 0x00000000a1600000, 0x00000000a1700000|  0%| F|  |TAMS 0x00000000a1600000, 0x00000000a1600000| Untracked 
|  21|0x00000000a1700000, 0x00000000a1700000, 0x00000000a1800000|  0%| F|  |TAMS 0x00000000a1700000, 0x00000000a1700000| Untracked 
|  22|0x00000000a1800000, 0x00000000a1800000, 0x00000000a1900000|  0%| F|  |TAMS 0x00000000a1800000, 0x00000000a1800000| Untracked 
|  23|0x00000000a1900000, 0x00000000a1900000, 0x00000000a1a00000|  0%| F|  |TAMS 0x00000000a1900000, 0x00000000a1900000| Untracked 
|  24|0x00000000a1a00000, 0x00000000a1a00000, 0x00000000a1b00000|  0%| F|  |TAMS 0x00000000a1a00000, 0x00000000a1a00000| Untracked 
|  25|0x00000000a1b00000, 0x00000000a1b00000, 0x00000000a1c00000|  0%| F|  |TAMS 0x00000000a1b00000, 0x00000000a1b00000| Untracked 
|  26|0x00000000a1c00000, 0x00000000a1c00000, 0x00000000a1d00000|  0%| F|  |TAMS 0x00000000a1c00000, 0x00000000a1c00000| Untracked 
|  27|0x00000000a1d00000, 0x00000000a1d00000, 0x00000000a1e00000|  0%| F|  |TAMS 0x00000000a1d00000, 0x00000000a1d00000| Untracked 
|  28|0x00000000a1e00000, 0x00000000a1e00000, 0x00000000a1f00000|  0%| F|  |TAMS 0x00000000a1e00000, 0x00000000a1e00000| Untracked 
|  29|0x00000000a1f00000, 0x00000000a1f00000, 0x00000000a2000000|  0%| F|  |TAMS 0x00000000a1f00000, 0x00000000a1f00000| Untracked 
|  30|0x00000000a2000000, 0x00000000a2000000, 0x00000000a2100000|  0%| F|  |TAMS 0x00000000a2000000, 0x00000000a2000000| Untracked 
|  31|0x00000000a2100000, 0x00000000a2100000, 0x00000000a2200000|  0%| F|  |TAMS 0x00000000a2100000, 0x00000000a2100000| Untracked 
|  32|0x00000000a2200000, 0x00000000a2200000, 0x00000000a2300000|  0%| F|  |TAMS 0x00000000a2200000, 0x00000000a2200000| Untracked 
|  33|0x00000000a2300000, 0x00000000a2300000, 0x00000000a2400000|  0%| F|  |TAMS 0x00000000a2300000, 0x00000000a2300000| Untracked 
|  34|0x00000000a2400000, 0x00000000a2400000, 0x00000000a2500000|  0%| F|  |TAMS 0x00000000a2400000, 0x00000000a2400000| Untracked 
|  35|0x00000000a2500000, 0x00000000a2500000, 0x00000000a2600000|  0%| F|  |TAMS 0x00000000a2500000, 0x00000000a2500000| Untracked 
|  36|0x00000000a2600000, 0x00000000a2600000, 0x00000000a2700000|  0%| F|  |TAMS 0x00000000a2600000, 0x00000000a2600000| Untracked 
|  37|0x00000000a2700000, 0x00000000a2700000, 0x00000000a2800000|  0%| F|  |TAMS 0x00000000a2700000, 0x00000000a2700000| Untracked 
|  38|0x00000000a2800000, 0x00000000a2800000, 0x00000000a2900000|  0%| F|  |TAMS 0x00000000a2800000, 0x00000000a2800000| Untracked 
|  39|0x00000000a2900000, 0x00000000a2900000, 0x00000000a2a00000|  0%| F|  |TAMS 0x00000000a2900000, 0x00000000a2900000| Untracked 
|  40|0x00000000a2a00000, 0x00000000a2a00000, 0x00000000a2b00000|  0%| F|  |TAMS 0x00000000a2a00000, 0x00000000a2a00000| Untracked 
|  41|0x00000000a2b00000, 0x00000000a2b00000, 0x00000000a2c00000|  0%| F|  |TAMS 0x00000000a2b00000, 0x00000000a2b00000| Untracked 
|  42|0x00000000a2c00000, 0x00000000a2c00000, 0x00000000a2d00000|  0%| F|  |TAMS 0x00000000a2c00000, 0x00000000a2c00000| Untracked 
|  43|0x00000000a2d00000, 0x00000000a2d00000, 0x00000000a2e00000|  0%| F|  |TAMS 0x00000000a2d00000, 0x00000000a2d00000| Untracked 
|  44|0x00000000a2e00000, 0x00000000a2e00000, 0x00000000a2f00000|  0%| F|  |TAMS 0x00000000a2e00000, 0x00000000a2e00000| Untracked 
|  45|0x00000000a2f00000, 0x00000000a2f00000, 0x00000000a3000000|  0%| F|  |TAMS 0x00000000a2f00000, 0x00000000a2f00000| Untracked 
|  46|0x00000000a3000000, 0x00000000a3000000, 0x00000000a3100000|  0%| F|  |TAMS 0x00000000a3000000, 0x00000000a3000000| Untracked 
|  47|0x00000000a3100000, 0x00000000a3100000, 0x00000000a3200000|  0%| F|  |TAMS 0x00000000a3100000, 0x00000000a3100000| Untracked 
|  48|0x00000000a3200000, 0x00000000a3200000, 0x00000000a3300000|  0%| F|  |TAMS 0x00000000a3200000, 0x00000000a3200000| Untracked 
|  49|0x00000000a3300000, 0x00000000a3300000, 0x00000000a3400000|  0%| F|  |TAMS 0x00000000a3300000, 0x00000000a3300000| Untracked 
|  50|0x00000000a3400000, 0x00000000a3400000, 0x00000000a3500000|  0%| F|  |TAMS 0x00000000a3400000, 0x00000000a3400000| Untracked 
|  51|0x00000000a3500000, 0x00000000a3500000, 0x00000000a3600000|  0%| F|  |TAMS 0x00000000a3500000, 0x00000000a3500000| Untracked 
|  52|0x00000000a3600000, 0x00000000a3600000, 0x00000000a3700000|  0%| F|  |TAMS 0x00000000a3600000, 0x00000000a3600000| Untracked 
|  53|0x00000000a3700000, 0x00000000a3700000, 0x00000000a3800000|  0%| F|  |TAMS 0x00000000a3700000, 0x00000000a3700000| Untracked 
|  54|0x00000000a3800000, 0x00000000a3800000, 0x00000000a3900000|  0%| F|  |TAMS 0x00000000a3800000, 0x00000000a3800000| Untracked 
|  55|0x00000000a3900000, 0x00000000a3900000, 0x00000000a3a00000|  0%| F|  |TAMS 0x00000000a3900000, 0x00000000a3900000| Untracked 
|  56|0x00000000a3a00000, 0x00000000a3a00000, 0x00000000a3b00000|  0%| F|  |TAMS 0x00000000a3a00000, 0x00000000a3a00000| Untracked 
|  57|0x00000000a3b00000, 0x00000000a3b00000, 0x00000000a3c00000|  0%| F|  |TAMS 0x00000000a3b00000, 0x00000000a3b00000| Untracked 
|  58|0x00000000a3c00000, 0x00000000a3c00000, 0x00000000a3d00000|  0%| F|  |TAMS 0x00000000a3c00000, 0x00000000a3c00000| Untracked 
|  59|0x00000000a3d00000, 0x00000000a3d00000, 0x00000000a3e00000|  0%| F|  |TAMS 0x00000000a3d00000, 0x00000000a3d00000| Untracked 
|  60|0x00000000a3e00000, 0x00000000a3e00000, 0x00000000a3f00000|  0%| F|  |TAMS 0x00000000a3e00000, 0x00000000a3e00000| Untracked 
|  61|0x00000000a3f00000, 0x00000000a3f00000, 0x00000000a4000000|  0%| F|  |TAMS 0x00000000a3f00000, 0x00000000a3f00000| Untracked 
|  62|0x00000000a4000000, 0x00000000a4000000, 0x00000000a4100000|  0%| F|  |TAMS 0x00000000a4000000, 0x00000000a4000000| Untracked 
|  63|0x00000000a4100000, 0x00000000a4100000, 0x00000000a4200000|  0%| F|  |TAMS 0x00000000a4100000, 0x00000000a4100000| Untracked 
|  64|0x00000000a4200000, 0x00000000a4200000, 0x00000000a4300000|  0%| F|  |TAMS 0x00000000a4200000, 0x00000000a4200000| Untracked 
|  65|0x00000000a4300000, 0x00000000a4300000, 0x00000000a4400000|  0%| F|  |TAMS 0x00000000a4300000, 0x00000000a4300000| Untracked 
|  66|0x00000000a4400000, 0x00000000a4400000, 0x00000000a4500000|  0%| F|  |TAMS 0x00000000a4400000, 0x00000000a4400000| Untracked 
|  67|0x00000000a4500000, 0x00000000a4500000, 0x00000000a4600000|  0%| F|  |TAMS 0x00000000a4500000, 0x00000000a4500000| Untracked 
|  68|0x00000000a4600000, 0x00000000a4600000, 0x00000000a4700000|  0%| F|  |TAMS 0x00000000a4600000, 0x00000000a4600000| Untracked 
|  69|0x00000000a4700000, 0x00000000a4700000, 0x00000000a4800000|  0%| F|  |TAMS 0x00000000a4700000, 0x00000000a4700000| Untracked 
|  70|0x00000000a4800000, 0x00000000a4800000, 0x00000000a4900000|  0%| F|  |TAMS 0x00000000a4800000, 0x00000000a4800000| Untracked 
|  71|0x00000000a4900000, 0x00000000a4900000, 0x00000000a4a00000|  0%| F|  |TAMS 0x00000000a4900000, 0x00000000a4900000| Untracked 
|  72|0x00000000a4a00000, 0x00000000a4a00000, 0x00000000a4b00000|  0%| F|  |TAMS 0x00000000a4a00000, 0x00000000a4a00000| Untracked 
|  73|0x00000000a4b00000, 0x00000000a4b00000, 0x00000000a4c00000|  0%| F|  |TAMS 0x00000000a4b00000, 0x00000000a4b00000| Untracked 
|  74|0x00000000a4c00000, 0x00000000a4c00000, 0x00000000a4d00000|  0%| F|  |TAMS 0x00000000a4c00000, 0x00000000a4c00000| Untracked 
|  75|0x00000000a4d00000, 0x00000000a4d00000, 0x00000000a4e00000|  0%| F|  |TAMS 0x00000000a4d00000, 0x00000000a4d00000| Untracked 
|  76|0x00000000a4e00000, 0x00000000a4e00000, 0x00000000a4f00000|  0%| F|  |TAMS 0x00000000a4e00000, 0x00000000a4e00000| Untracked 
|  77|0x00000000a4f00000, 0x00000000a4f00000, 0x00000000a5000000|  0%| F|  |TAMS 0x00000000a4f00000, 0x00000000a4f00000| Untracked 
|  78|0x00000000a5000000, 0x00000000a5000000, 0x00000000a5100000|  0%| F|  |TAMS 0x00000000a5000000, 0x00000000a5000000| Untracked 
|  79|0x00000000a5100000, 0x00000000a5100000, 0x00000000a5200000|  0%| F|  |TAMS 0x00000000a5100000, 0x00000000a5100000| Untracked 
|  80|0x00000000a5200000, 0x00000000a5200000, 0x00000000a5300000|  0%| F|  |TAMS 0x00000000a5200000, 0x00000000a5200000| Untracked 
|  81|0x00000000a5300000, 0x00000000a5300000, 0x00000000a5400000|  0%| F|  |TAMS 0x00000000a5300000, 0x00000000a5300000| Untracked 
|  82|0x00000000a5400000, 0x00000000a5400000, 0x00000000a5500000|  0%| F|  |TAMS 0x00000000a5400000, 0x00000000a5400000| Untracked 
|  83|0x00000000a5500000, 0x00000000a5500000, 0x00000000a5600000|  0%| F|  |TAMS 0x00000000a5500000, 0x00000000a5500000| Untracked 
|  84|0x00000000a5600000, 0x00000000a5600000, 0x00000000a5700000|  0%| F|  |TAMS 0x00000000a5600000, 0x00000000a5600000| Untracked 
|  85|0x00000000a5700000, 0x00000000a5700000, 0x00000000a5800000|  0%| F|  |TAMS 0x00000000a5700000, 0x00000000a5700000| Untracked 
|  86|0x00000000a5800000, 0x00000000a5800000, 0x00000000a5900000|  0%| F|  |TAMS 0x00000000a5800000, 0x00000000a5800000| Untracked 
|  87|0x00000000a5900000, 0x00000000a5900000, 0x00000000a5a00000|  0%| F|  |TAMS 0x00000000a5900000, 0x00000000a5900000| Untracked 
|  88|0x00000000a5a00000, 0x00000000a5a00000, 0x00000000a5b00000|  0%| F|  |TAMS 0x00000000a5a00000, 0x00000000a5a00000| Untracked 
|  89|0x00000000a5b00000, 0x00000000a5b00000, 0x00000000a5c00000|  0%| F|  |TAMS 0x00000000a5b00000, 0x00000000a5b00000| Untracked 
|  90|0x00000000a5c00000, 0x00000000a5c00000, 0x00000000a5d00000|  0%| F|  |TAMS 0x00000000a5c00000, 0x00000000a5c00000| Untracked 
|  91|0x00000000a5d00000, 0x00000000a5d00000, 0x00000000a5e00000|  0%| F|  |TAMS 0x00000000a5d00000, 0x00000000a5d00000| Untracked 
|  92|0x00000000a5e00000, 0x00000000a5e00000, 0x00000000a5f00000|  0%| F|  |TAMS 0x00000000a5e00000, 0x00000000a5e00000| Untracked 
|  93|0x00000000a5f00000, 0x00000000a5f00000, 0x00000000a6000000|  0%| F|  |TAMS 0x00000000a5f00000, 0x00000000a5f00000| Untracked 
|  94|0x00000000a6000000, 0x00000000a6000000, 0x00000000a6100000|  0%| F|  |TAMS 0x00000000a6000000, 0x00000000a6000000| Untracked 
|  95|0x00000000a6100000, 0x00000000a615c3d8, 0x00000000a6200000| 36%| E|  |TAMS 0x00000000a6100000, 0x00000000a6100000| Complete 

Card table byte_map: [0x000002c54a530000,0x000002c54a830000] _byte_map_base: 0x000002c54a02f000

Marking Bits (Prev, Next): (CMBitMap*) 0x000002c531d6db60, (CMBitMap*) 0x000002c531d6dba0
 Prev Bits: [0x000002c54ab30000, 0x000002c54c328000)
 Next Bits: [0x000002c54c330000, 0x000002c54db28000)

Polling page: 0x000002c531b80000

Metaspace:

Usage:
  Non-class:     51.21 KB used.
      Class:      3.75 KB used.
       Both:     54.96 KB used.

Virtual space:
  Non-class space:       64.00 MB reserved,      64.00 KB ( <1%) committed,  1 nodes.
      Class space:        1.00 GB reserved,      64.00 KB ( <1%) committed,  1 nodes.
             Both:        1.06 GB reserved,     128.00 KB ( <1%) committed. 

Chunk freelists:
   Non-Class:  0 bytes
       Class:  3.75 MB
        Both:  3.75 MB

MaxMetaspaceSize: unlimited
CompressedClassSpaceSize: 1.00 GB
Initial GC threshold: 21.00 MB
Current GC threshold: 21.00 MB
CDS: on
MetaspaceReclaimPolicy: balanced
 - commit_granule_bytes: 65536.
 - commit_granule_words: 8192.
 - virtual_space_node_default_size: 8388608.
 - enlarge_chunks_in_place: 1.
 - new_chunks_are_fully_committed: 0.
 - uncommit_free_chunks: 1.
 - use_allocation_guard: 0.


Internal statistics:

num_allocs_failed_limit: 0.
num_arena_births: 2.
num_arena_deaths: 0.
num_vsnodes_births: 2.
num_vsnodes_deaths: 0.
num_space_committed: 2.
num_space_uncommitted: 0.
num_chunks_returned_to_freelist: 0.
num_chunks_taken_from_freelist: 3.
num_chunk_merges: 0.
num_chunk_splits: 1.
num_chunks_enlarged: 0.
num_inconsistent_stats: 0.

CodeHeap 'non-profiled nmethods': size=120064Kb used=0Kb max_used=0Kb free=120064Kb
 bounds [0x000002c5428f0000, 0x000002c542b60000, 0x000002c549e30000]
CodeHeap 'profiled nmethods': size=120000Kb used=7Kb max_used=7Kb free=119992Kb
 bounds [0x000002c53b3c0000, 0x000002c53b630000, 0x000002c5428f0000]
CodeHeap 'non-nmethods': size=5696Kb used=1036Kb max_used=1036Kb free=4659Kb
 bounds [0x000002c53ae30000, 0x000002c53b0a0000, 0x000002c53b3c0000]
 total_blobs=291 nmethods=6 adapters=200
 compilation: enabled
              stopped_count=0, restarted_count=0
 full_count=0

Compilation events (12 events):
Event: 0.076 Thread 0x000002c531dee430    3       3       java.lang.String::isLatin1 (19 bytes)
Event: 0.076 Thread 0x000002c531dee430 nmethod 3 0x000002c53b3c0010 code [0x000002c53b3c01a0, 0x000002c53b3c0318]
Event: 0.076 Thread 0x000002c531dee430    1       3       java.lang.String::charAt (25 bytes)
Event: 0.077 Thread 0x000002c531dee430 nmethod 1 0x000002c53b3c0390 code [0x000002c53b3c0580, 0x000002c53b3c0ad8]
Event: 0.077 Thread 0x000002c531dee430    2       3       java.lang.StringLatin1::charAt (15 bytes)
Event: 0.077 Thread 0x000002c531dee430 nmethod 2 0x000002c53b3c0d10 code [0x000002c53b3c0ec0, 0x000002c53b3c1098]
Event: 0.077 Thread 0x000002c531dee430    4       3       java.lang.String::checkIndex (10 bytes)
Event: 0.077 Thread 0x000002c531dee430 nmethod 4 0x000002c53b3c1210 code [0x000002c53b3c13a0, 0x000002c53b3c14d8]
Event: 0.077 Thread 0x000002c531dee430    5       3       jdk.internal.util.Preconditions::checkIndex (18 bytes)
Event: 0.077 Thread 0x000002c531dee430 nmethod 5 0x000002c53b3c1590 code [0x000002c53b3c1740, 0x000002c53b3c18e8]
Event: 0.077 Thread 0x000002c531dee430    6       3       java.lang.Object::<init> (1 bytes)
Event: 0.077 Thread 0x000002c531dee430 nmethod 6 0x000002c53b3c1990 code [0x000002c53b3c1b20, 0x000002c53b3c1c38]

GC Heap History (0 events):
No events

Deoptimization events (0 events):
No events

Classes loaded (0 events):
No events

Classes unloaded (0 events):
No events

Classes redefined (0 events):
No events

Internal exceptions (0 events):
No events

VM Operations (0 events):
No events

Events (12 events):
Event: 0.010 Loaded shared library C:\Program Files\Java\jdk-18.0.1.1\bin\java.dll
Event: 0.035 Loaded shared library C:\Program Files\Java\jdk-18.0.1.1\bin\jsvml.dll
Event: 0.035 Thread 0x000002c531d1bea0 Thread added: 0x000002c531d1bea0
Event: 0.042 Thread 0x000002c531dcf2b0 Thread added: 0x000002c531dcf2b0
Event: 0.042 Thread 0x000002c531dd3e30 Thread added: 0x000002c531dd3e30
Event: 0.058 Thread 0x000002c531de4070 Thread added: 0x000002c531de4070
Event: 0.058 Thread 0x000002c531de5930 Thread added: 0x000002c531de5930
Event: 0.058 Thread 0x000002c531dea1f0 Thread added: 0x000002c531dea1f0
Event: 0.058 Thread 0x000002c531debab0 Thread added: 0x000002c531debab0
Event: 0.059 Thread 0x000002c531dec690 Thread added: 0x000002c531dec690
Event: 0.065 Thread 0x000002c531dee430 Thread added: 0x000002c531dee430
Event: 0.066 Thread 0x000002c531dee930 Thread added: 0x000002c531dee930


Dynamic libraries:
0x00007ff629250000 - 0x00007ff629260000 	C:\Program Files\Java\jdk-18.0.1.1\bin\java.exe
0x00007ffacd990000 - 0x00007ffacdb85000 	C:\Windows\SYSTEM32\ntdll.dll
0x00007ffacc1d0000 - 0x00007ffacc28d000 	C:\Windows\System32\KERNEL32.DLL
0x00007ffacb2e0000 - 0x00007ffacb5ad000 	C:\Windows\System32\KERNELBASE.dll
0x00007ffacb5b0000 - 0x00007ffacb6b0000 	C:\Windows\System32\ucrtbase.dll
0x00007ffac80a0000 - 0x00007ffac80b8000 	C:\Program Files\Java\jdk-18.0.1.1\bin\jli.dll
0x00007ffacbd60000 - 0x00007ffacbe0e000 	C:\Windows\System32\ADVAPI32.dll
0x00007ffacbb70000 - 0x00007ffacbc0e000 	C:\Windows\System32\msvcrt.dll
0x00007ffacd330000 - 0x00007ffacd3cc000 	C:\Windows\System32\sechost.dll
0x00007ffacc9f0000 - 0x00007ffaccb15000 	C:\Windows\System32\RPCRT4.dll
0x00007ffacd110000 - 0x00007ffacd2b0000 	C:\Windows\System32\USER32.dll
0x00007ffacb0a0000 - 0x00007ffacb0c2000 	C:\Windows\System32\win32u.dll
0x00007ffacbb40000 - 0x00007ffacbb6a000 	C:\Windows\System32\GDI32.dll
0x00007ffacb7f0000 - 0x00007ffacb8fb000 	C:\Windows\System32\gdi32full.dll
0x00007ffacb6e0000 - 0x00007ffacb77d000 	C:\Windows\System32\msvcp_win.dll
0x00007ffac8440000 - 0x00007ffac845a000 	C:\Program Files\Java\jdk-18.0.1.1\bin\VCRUNTIME140.dll
0x00007ffaca3e0000 - 0x00007ffaca67a000 	C:\Windows\WinSxS\amd64_microsoft.windows.common-controls_6595b64144ccf1df_6.0.19041.1110_none_60b5254171f9507e\COMCTL32.dll
0x00007ffabae60000 - 0x00007ffabae6a000 	C:\Windows\SYSTEM32\VERSION.dll
0x00007ffacd3d0000 - 0x00007ffacd400000 	C:\Windows\System32\IMM32.DLL
0x00007ffac8430000 - 0x00007ffac843c000 	C:\Program Files\Java\jdk-18.0.1.1\bin\vcruntime140_1.dll
0x00007ffab96e0000 - 0x00007ffab976d000 	C:\Program Files\Java\jdk-18.0.1.1\bin\msvcp140.dll
0x00007ffa84c10000 - 0x00007ffa85820000 	C:\Program Files\Java\jdk-18.0.1.1\bin\server\jvm.dll
0x00007ffacc290000 - 0x00007ffacc298000 	C:\Windows\System32\PSAPI.DLL
0x00007ffaa2650000 - 0x00007ffaa2659000 	C:\Windows\SYSTEM32\WSOCK32.dll
0x00007ffacd2b0000 - 0x00007ffacd31b000 	C:\Windows\System32\WS2_32.dll
0x00007ffab36a0000 - 0x00007ffab36c7000 	C:\Windows\SYSTEM32\WINMM.dll
0x00007ffac8970000 - 0x00007ffac8982000 	C:\Windows\SYSTEM32\kernel.appcore.dll
0x00007ffac83b0000 - 0x00007ffac83ba000 	C:\Program Files\Java\jdk-18.0.1.1\bin\jimage.dll
0x00007ffacaa50000 - 0x00007ffacac34000 	C:\Windows\SYSTEM32\DBGHELP.DLL
0x00007ffaca9a0000 - 0x00007ffaca9cc000 	C:\Windows\SYSTEM32\dbgcore.DLL
0x00007ffacb950000 - 0x00007ffacb9d2000 	C:\Windows\System32\bcryptPrimitives.dll
0x00007ffac83c0000 - 0x00007ffac83e5000 	C:\Program Files\Java\jdk-18.0.1.1\bin\java.dll
0x00007ffab2320000 - 0x00007ffab23f6000 	C:\Program Files\Java\jdk-18.0.1.1\bin\jsvml.dll
0x00007ffacc2a0000 - 0x00007ffacc9e4000 	C:\Windows\System32\SHELL32.dll
0x00007ffac8b70000 - 0x00007ffac9304000 	C:\Windows\SYSTEM32\windows.storage.dll
0x00007ffaccc40000 - 0x00007ffaccf94000 	C:\Windows\System32\combase.dll
0x00007ffaca3b0000 - 0x00007ffaca3dc000 	C:\Windows\SYSTEM32\Wldp.dll
0x00007ffacbc20000 - 0x00007ffacbccd000 	C:\Windows\System32\SHCORE.dll
0x00007ffacba00000 - 0x00007ffacba55000 	C:\Windows\System32\shlwapi.dll
0x00007ffacafe0000 - 0x00007ffacafff000 	C:\Windows\SYSTEM32\profapi.dll

dbghelp: loaded successfully - version: 4.0.5 - missing functions: none
symbol engine: initialized successfully - sym options: 0x614 - pdb path: .;C:\Program Files\Java\jdk-18.0.1.1\bin;C:\Windows\SYSTEM32;C:\Windows\WinSxS\amd64_microsoft.windows.common-controls_6595b64144ccf1df_6.0.19041.1110_none_60b5254171f9507e;C:\Program Files\Java\jdk-18.0.1.1\bin\server

VM Arguments:
jvm_args: -Dfile.encoding=UTF-8 --module-path=C:\Users\migue\Documents\Prog\Java\aulas-java\atv\trabalho\Adivinhacao 2\build\classes 
java_command: adivinhacao.Main
java_class_path (initial): C:\Programas\Prog\NetBeans-13\netbeans\java\modules\ext\AbsoluteLayout.jar;C:\Users\migue\Documents\Prog\Java\aulas-java\atv\trabalho\Adivinhacao 2\build\classes
Launcher Type: SUN_STANDARD

[Global flags]
     intx CICompilerCount                          = 2                                         {product} {ergonomic}
     uint ConcGCThreads                            = 1                                         {product} {ergonomic}
     uint G1ConcRefinementThreads                  = 2                                         {product} {ergonomic}
   size_t G1HeapRegionSize                         = 1048576                                   {product} {ergonomic}
    uintx GCDrainStackTargetSize                   = 64                                        {product} {ergonomic}
   size_t InitialHeapSize                          = 100663296                                 {product} {ergonomic}
   size_t MarkStackSize                            = 4194304                                   {product} {ergonomic}
   size_t MaxHeapSize                              = 1608515584                                {product} {ergonomic}
   size_t MaxNewSize                               = 964689920                                 {product} {ergonomic}
   size_t MinHeapDeltaBytes                        = 1048576                                   {product} {ergonomic}
   size_t MinHeapSize                              = 8388608                                   {product} {ergonomic}
    uintx NonNMethodCodeHeapSize                   = 5826188                                {pd product} {ergonomic}
    uintx NonProfiledCodeHeapSize                  = 122916026                              {pd product} {ergonomic}
    uintx ProfiledCodeHeapSize                     = 122916026                              {pd product} {ergonomic}
    uintx ReservedCodeCacheSize                    = 251658240                              {pd product} {ergonomic}
     bool SegmentedCodeCache                       = true                                      {product} {ergonomic}
   size_t SoftMaxHeapSize                          = 1608515584                             {manageable} {ergonomic}
     bool UseCompressedClassPointers               = true                           {product lp64_product} {ergonomic}
     bool UseCompressedOops                        = true                           {product lp64_product} {ergonomic}
     bool UseG1GC                                  = true                                      {product} {ergonomic}
     bool UseLargePagesIndividualAllocation        = false                                  {pd product} {ergonomic}

Logging:
Log output configuration:
 #0: stdout all=warning uptime,level,tags foldmultilines=false
 #1: stderr all=off uptime,level,tags foldmultilines=false

Environment Variables:
PATH=C:\Program Files\Common Files\Oracle\Java\javapath;C:\Program Files\Python310\Scripts\;C:\Program Files\Python310\;C:\Program Files\Eclipse Adoptium\jdk-17.0.2.8-hotspot\bin;C:\Windows\system32;C:\Windows;C:\Windows\System32\Wbem;C:\Windows\System32\WindowsPowerShell\v1.0\;C:\Windows\System32\OpenSSH\;C:\Programas\Prog\Microsoft VS Code\bin;C:\Programas\Prog\Git\cmd;C:\Program Files\MySQL\MySQL Shell 8.0\bin\;C:\Users\migue\AppData\Local\Microsoft\WindowsApps;C:\Users\migue\AppData\Local\GitHubDesktop\bin
USERNAME=migue
OS=Windows_NT
PROCESSOR_IDENTIFIER=Intel64 Family 6 Model 23 Stepping 10, GenuineIntel



---------------  S Y S T E M  ---------------

OS:
 Windows 10 , 64 bit Build 19041 (10.0.19041.1706)
OS uptime: 0 days 3:56 hours

CPU: total 2 (initial active 2) (2 cores per cpu, 1 threads per core) family 6 model 23 stepping 10 microcode 0xa0c, cx8, cmov, fxsr, mmx, sse, sse2, sse3, ssse3, sse4.1, tsc, clflush

Memory: 4k page, system-wide physical 6133M (1944M free)
TotalPageFile size 9205M (AvailPageFile size 3189M)
current process WorkingSet (physical memory assigned to process): 22M, peak: 22M
current process commit charge ("private bytes"): 162M, peak: 162M

vm_info: Java HotSpot(TM) 64-Bit Server VM (18.0.1.1+2-6) for windows-amd64 JRE (18.0.1.1+2-6), built on Apr 25 2022 21:53:15 by "mach5one" with MS VC++ 16.8 / 16.9 (VS2019)

END.
